<?xml version="1.0" encoding="UTF-8"?>
<!-- Generated by org.testng.reporters.JUnitXMLReporter -->
<testsuite ignored="6" hostname="LAPTOP-4838M88C" failures="0" tests="0" time="0.018" errors="0" timestamp="2025-07-22T13:18:31 EDT">
  <testcase classname="BaseClass.BaseClass" name="@BeforeSuite beforesuite" time="0.0">
    <ignored/>
  </testcase> <!-- @BeforeSuite beforesuite -->
  <testcase classname="BaseClass.BaseClass" name="@BeforeTest beforetest" time="0.0">
    <ignored/>
  </testcase> <!-- @BeforeTest beforetest -->
  <testcase classname="Testcases.CreateCompaignStatus" name="CreateCampaighStatus" time="0.0">
    <ignored/>
  </testcase> <!-- CreateCampaighStatus -->
  <testcase classname="BaseClass.BaseClass" name="@AfterTest aftertest" time="0.0">
    <ignored/>
  </testcase> <!-- @AfterTest aftertest -->
  <testcase classname="BaseClass.BaseClass" name="@AfterSuite afterSuite" time="0.0">
    <ignored/>
  </testcase> <!-- @AfterSuite afterSuite -->
  <testcase classname="Testcases.CreateProdcuts" name="CreateProducts" time="0.0">
    <ignored/>
  </testcase> <!-- CreateProducts -->
</testsuite>
